This file contains any messages produced by compilers while
running configure, to aid debugging if configure makes a mistake.

It was created by sshpass configure 1.06, which was
generated by GNU Autoconf 2.69.  Invocation command line was

  $ ./configure 

## --------- ##
## Platform. ##
## --------- ##

hostname = PC-PRAKTIKANT
uname -m = x86_64
uname -r = 2.10.0(0.325/5/3)
uname -s = MINGW64_NT-10.0
uname -v = 2018-02-12 08:49

/usr/bin/uname -p = unknown
/bin/uname -X     = unknown

/bin/arch              = x86_64
/usr/bin/arch -k       = unknown
/usr/convex/getsysinfo = unknown
/usr/bin/hostinfo      = unknown
/bin/machine           = unknown
/usr/bin/oslevel       = unknown
/bin/universe          = unknown

PATH: /c/Users/hirsei/bin
PATH: /mingw64/bin
PATH: /usr/local/bin
PATH: /usr/bin
PATH: /bin
PATH: /mingw64/bin
PATH: /usr/bin
PATH: /c/Users/hirsei/bin
PATH: /c/Program Files (x86)/Common Files/Oracle/Java/javapath
PATH: /c/Program Files (x86)/Intel/iCLS Client
PATH: /c/Program Files/Intel/iCLS Client
PATH: /c/WINDOWS/system32
PATH: /c/WINDOWS
PATH: /c/WINDOWS/System32/Wbem
PATH: /c/WINDOWS/System32/WindowsPowerShell/v1.0
PATH: /c/Program Files (x86)/Intel/Intel(R) Management Engine Components/DAL
PATH: /c/Program Files/Intel/Intel(R) Management Engine Components/DAL
PATH: /c/Program Files (x86)/Intel/Intel(R) Management Engine Components/IPT
PATH: /c/Program Files/Intel/Intel(R) Management Engine Components/IPT
PATH: /c/Vagrant/bin
PATH: /cmd
PATH: /c/Program Files/TortoiseGit/bin
PATH: /c/nodejs
PATH: /c/Program Files/PuTTY
PATH: /c/Program Files/MySQL/MySQL Utilities 1.6
PATH: /c/WINDOWS/System32/OpenSSH
PATH: /c/Users/hirsei/AppData/Local/Microsoft/WindowsApps
PATH: /c/Users/hirsei/AppData/Roaming/npm
PATH: /c/Program Files/Docker Toolbox
PATH: /usr/bin/vendor_perl
PATH: /usr/bin/core_perl


## ----------- ##
## Core tests. ##
## ----------- ##

configure:2254: checking for a BSD-compatible install
configure:2322: result: /usr/bin/install -c
configure:2333: checking whether build environment is sane
configure:2388: result: yes
configure:2539: checking for a thread-safe mkdir -p
configure:2578: result: /usr/bin/mkdir -p
configure:2585: checking for gawk
configure:2601: found /usr/bin/gawk
configure:2612: result: gawk
configure:2623: checking whether make sets $(MAKE)
configure:2649: result: no
configure:2674: checking whether make supports nested variables
configure:2691: result: no
configure:2832: checking for style of include used by make
configure:2860: result: none
configure:2931: checking for gcc
configure:2961: result: no
configure:3024: checking for cc
configure:3071: result: no
configure:3127: checking for cl.exe
configure:3157: result: no
configure:3181: error: in `/c/Users/hirsei/projects/cassandra_cluster/portainer/sshpass-1.06':
configure:3183: error: no acceptable C compiler found in $PATH
See `config.log' for more details

## ---------------- ##
## Cache variables. ##
## ---------------- ##

ac_cv_env_CC_set=
ac_cv_env_CC_value=
ac_cv_env_CFLAGS_set=
ac_cv_env_CFLAGS_value=
ac_cv_env_CPPFLAGS_set=
ac_cv_env_CPPFLAGS_value=
ac_cv_env_CPP_set=
ac_cv_env_CPP_value=
ac_cv_env_LDFLAGS_set=
ac_cv_env_LDFLAGS_value=
ac_cv_env_LIBS_set=
ac_cv_env_LIBS_value=
ac_cv_env_build_alias_set=
ac_cv_env_build_alias_value=
ac_cv_env_host_alias_set=
ac_cv_env_host_alias_value=
ac_cv_env_target_alias_set=
ac_cv_env_target_alias_value=
ac_cv_path_install='/usr/bin/install -c'
ac_cv_path_mkdir=/usr/bin/mkdir
ac_cv_prog_AWK=gawk
ac_cv_prog_make_make_set=no
am_cv_make_support_nested_variables=no

## ----------------- ##
## Output variables. ##
## ----------------- ##

ACLOCAL='${SHELL} /c/Users/hirsei/projects/cassandra_cluster/portainer/sshpass-1.06/missing aclocal-1.15'
AMDEPBACKSLASH='\'
AMDEP_FALSE='#'
AMDEP_TRUE=''
AMTAR='$${TAR-tar}'
AM_BACKSLASH='\'
AM_DEFAULT_V='1'
AM_DEFAULT_VERBOSITY='1'
AM_V='1'
AUTOCONF='${SHELL} /c/Users/hirsei/projects/cassandra_cluster/portainer/sshpass-1.06/missing autoconf'
AUTOHEADER='${SHELL} /c/Users/hirsei/projects/cassandra_cluster/portainer/sshpass-1.06/missing autoheader'
AUTOMAKE='${SHELL} /c/Users/hirsei/projects/cassandra_cluster/portainer/sshpass-1.06/missing automake-1.15'
AWK='gawk'
CC=''
CCDEPMODE=''
CFLAGS=''
CPP=''
CPPFLAGS=''
CYGPATH_W='cygpath -w'
DEFS=''
DEPDIR='.deps'
ECHO_C=''
ECHO_N='-n'
ECHO_T=''
EGREP=''
EXEEXT=''
GREP=''
INSTALL_DATA='${INSTALL} -m 644'
INSTALL_PROGRAM='${INSTALL}'
INSTALL_SCRIPT='${INSTALL}'
INSTALL_STRIP_PROGRAM='$(install_sh) -c -s'
LDFLAGS=''
LIBOBJS=''
LIBS=''
LTLIBOBJS=''
MAKEINFO='${SHELL} /c/Users/hirsei/projects/cassandra_cluster/portainer/sshpass-1.06/missing makeinfo'
MKDIR_P='/usr/bin/mkdir -p'
OBJEXT=''
PACKAGE='sshpass'
PACKAGE_BUGREPORT=''
PACKAGE_NAME='sshpass'
PACKAGE_STRING='sshpass 1.06'
PACKAGE_TARNAME='sshpass'
PACKAGE_URL=''
PACKAGE_VERSION='1.06'
PATH_SEPARATOR=':'
SET_MAKE='MAKE=make'
SHELL='/bin/sh'
STRIP=''
VERSION='1.06'
ac_ct_CC=''
am__EXEEXT_FALSE=''
am__EXEEXT_TRUE=''
am__fastdepCC_FALSE=''
am__fastdepCC_TRUE=''
am__include='#'
am__isrc=''
am__leading_dot='.'
am__nodep='_no'
am__quote=''
am__tar='$${TAR-tar} chof - "$$tardir"'
am__untar='$${TAR-tar} xf -'
bindir='${exec_prefix}/bin'
build_alias=''
datadir='${datarootdir}'
datarootdir='${prefix}/share'
docdir='${datarootdir}/doc/${PACKAGE_TARNAME}'
dvidir='${docdir}'
exec_prefix='NONE'
host_alias=''
htmldir='${docdir}'
includedir='${prefix}/include'
infodir='${datarootdir}/info'
install_sh='${SHELL} /c/Users/hirsei/projects/cassandra_cluster/portainer/sshpass-1.06/install-sh'
libdir='${exec_prefix}/lib'
libexecdir='${exec_prefix}/libexec'
localedir='${datarootdir}/locale'
localstatedir='${prefix}/var'
mandir='${datarootdir}/man'
mkdir_p='$(MKDIR_P)'
oldincludedir='/usr/include'
pdfdir='${docdir}'
prefix='NONE'
program_transform_name='s,x,x,'
psdir='${docdir}'
runstatedir='${localstatedir}/run'
sbindir='${exec_prefix}/sbin'
sharedstatedir='${prefix}/com'
sysconfdir='${prefix}/etc'
target_alias=''

## ----------- ##
## confdefs.h. ##
## ----------- ##

/* confdefs.h */
#define PACKAGE_NAME "sshpass"
#define PACKAGE_TARNAME "sshpass"
#define PACKAGE_VERSION "1.06"
#define PACKAGE_STRING "sshpass 1.06"
#define PACKAGE_BUGREPORT ""
#define PACKAGE_URL ""
#define PACKAGE "sshpass"
#define VERSION "1.06"

configure: exit 1
